# JRE version: Java(TM) SE Runtime Environment (8.0_221-b11) (build 1.8.0_221-b11)
# Java VM: Java HotSpot(TM) 64-Bit Server VM (25.221-b11 mixed mode windows-amd64 compressed oops)
Heap:
 PSYoungGen      total 162816K, used 113206K [0x00000000f5580000, 0x0000000100000000, 0x0000000100000000)
  eden space 151040K, 67% used [0x00000000f5580000,0x00000000fb8917c8,0x00000000fe900000)
  from space 11776K, 99% used [0x00000000fe900000,0x00000000ff47c040,0x00000000ff480000)
  to   space 11776K, 0% used [0x00000000ff480000,0x00000000ff480000,0x0000000100000000)
 ParOldGen       total 175104K, used 17244K [0x00000000e0000000, 0x00000000eab00000, 0x00000000f5580000)
  object space 175104K, 9% used [0x00000000e0000000,0x00000000e10d7110,0x00000000eab00000)
 Metaspace       used 47397K, capacity 49858K, committed 49920K, reserved 1091584K
  class space    used 6644K, capacity 7161K, committed 7168K, reserved 1048576K
GC Heap History (10 events):
Event: 8.041 GC heap before
{Heap before GC invocations=7 (full 1):
 PSYoungGen      total 76288K, used 74029K [0x00000000f5580000, 0x00000000fd580000, 0x0000000100000000)
  eden space 65536K, 100% used [0x00000000f5580000,0x00000000f9580000,0x00000000f9580000)
  from space 10752K, 78% used [0x00000000f9580000,0x00000000f9dcb730,0x00000000fa000000)
  to   space 12288K, 0% used [0x00000000fc980000,0x00000000fc980000,0x00000000fd580000)
 ParOldGen       total 175104K, used 6815K [0x00000000e0000000, 0x00000000eab00000, 0x00000000f5580000)
  object space 175104K, 3% used [0x00000000e0000000,0x00000000e06a7e08,0x00000000eab00000)
 Metaspace       used 33174K, capacity 34064K, committed 34304K, reserved 1079296K
  class space    used 4633K, capacity 4860K, committed 4864K, reserved 1048576K
Event: 8.056 GC heap after
Heap after GC invocations=7 (full 1):
 PSYoungGen      total 112640K, used 8906K [0x00000000f5580000, 0x00000000fd280000, 0x0000000100000000)
  eden space 103424K, 0% used [0x00000000f5580000,0x00000000f5580000,0x00000000fba80000)
  from space 9216K, 96% used [0x00000000fc980000,0x00000000fd232b88,0x00000000fd280000)
  to   space 11776K, 0% used [0x00000000fbb80000,0x00000000fbb80000,0x00000000fc700000)
 ParOldGen       total 175104K, used 6823K [0x00000000e0000000, 0x00000000eab00000, 0x00000000f5580000)
  object space 175104K, 3% used [0x00000000e0000000,0x00000000e06a9e08,0x00000000eab00000)
 Metaspace       used 33174K, capacity 34064K, committed 34304K, reserved 1079296K
  class space    used 4633K, capacity 4860K, committed 4864K, reserved 1048576K
}
Event: 8.383 GC heap before
{Heap before GC invocations=8 (full 1):
 PSYoungGen      total 112640K, used 35543K [0x00000000f5580000, 0x00000000fd280000, 0x0000000100000000)
  eden space 103424K, 25% used [0x00000000f5580000,0x00000000f6f83438,0x00000000fba80000)
  from space 9216K, 96% used [0x00000000fc980000,0x00000000fd232b88,0x00000000fd280000)
  to   space 11776K, 0% used [0x00000000fbb80000,0x00000000fbb80000,0x00000000fc700000)
 ParOldGen       total 175104K, used 6823K [0x00000000e0000000, 0x00000000eab00000, 0x00000000f5580000)
  object space 175104K, 3% used [0x00000000e0000000,0x00000000e06a9e08,0x00000000eab00000)
 Metaspace       used 34456K, capacity 35456K, committed 35496K, reserved 1079296K
  class space    used 4831K, capacity 5100K, committed 5120K, reserved 1048576K
Event: 8.396 GC heap after
Heap after GC invocations=8 (full 1):
 PSYoungGen      total 116224K, used 6997K [0x00000000f5580000, 0x0000000100000000, 0x0000000100000000)
  eden space 104448K, 0% used [0x00000000f5580000,0x00000000f5580000,0x00000000fbb80000)
  from space 11776K, 59% used [0x00000000fbb80000,0x00000000fc255500,0x00000000fc700000)
  to   space 11776K, 0% used [0x00000000ff480000,0x00000000ff480000,0x0000000100000000)
 ParOldGen       total 175104K, used 6831K [0x00000000e0000000, 0x00000000eab00000, 0x00000000f5580000)
  object space 175104K, 3% used [0x00000000e0000000,0x00000000e06abe08,0x00000000eab00000)
 Metaspace       used 34456K, capacity 35456K, committed 35496K, reserved 1079296K
  class space    used 4831K, capacity 5100K, committed 5120K, reserved 1048576K
}
Event: 8.396 GC heap before
{Heap before GC invocations=9 (full 2):
 PSYoungGen      total 116224K, used 6997K [0x00000000f5580000, 0x0000000100000000, 0x0000000100000000)
  eden space 104448K, 0% used [0x00000000f5580000,0x00000000f5580000,0x00000000fbb80000)
  from space 11776K, 59% used [0x00000000fbb80000,0x00000000fc255500,0x00000000fc700000)
  to   space 11776K, 0% used [0x00000000ff480000,0x00000000ff480000,0x0000000100000000)
 ParOldGen       total 175104K, used 6831K [0x00000000e0000000, 0x00000000eab00000, 0x00000000f5580000)
  object space 175104K, 3% used [0x00000000e0000000,0x00000000e06abe08,0x00000000eab00000)
 Metaspace       used 34456K, capacity 35456K, committed 35496K, reserved 1079296K
  class space    used 4831K, capacity 5100K, committed 5120K, reserved 1048576K
Event: 8.513 GC heap after
Heap after GC invocations=9 (full 2):
 PSYoungGen      total 116224K, used 0K [0x00000000f5580000, 0x0000000100000000, 0x0000000100000000)
  eden space 104448K, 0% used [0x00000000f5580000,0x00000000f5580000,0x00000000fbb80000)
  from space 11776K, 0% used [0x00000000fbb80000,0x00000000fbb80000,0x00000000fc700000)
  to   space 11776K, 0% used [0x00000000ff480000,0x00000000ff480000,0x0000000100000000)
 ParOldGen       total 175104K, used 13437K [0x00000000e0000000, 0x00000000eab00000, 0x00000000f5580000)
  object space 175104K, 7% used [0x00000000e0000000,0x00000000e0d1f768,0x00000000eab00000)
 Metaspace       used 34456K, capacity 35456K, committed 35496K, reserved 1079296K
  class space    used 4831K, capacity 5100K, committed 5120K, reserved 1048576K
}
Event: 10.980 GC heap before
{Heap before GC invocations=10 (full 2):
 PSYoungGen      total 116224K, used 104448K [0x00000000f5580000, 0x0000000100000000, 0x0000000100000000)
  eden space 104448K, 100% used [0x00000000f5580000,0x00000000fbb80000,0x00000000fbb80000)
  from space 11776K, 0% used [0x00000000fbb80000,0x00000000fbb80000,0x00000000fc700000)
  to   space 11776K, 0% used [0x00000000ff480000,0x00000000ff480000,0x0000000100000000)
 ParOldGen       total 175104K, used 13437K [0x00000000e0000000, 0x00000000eab00000, 0x00000000f5580000)
  object space 175104K, 7% used [0x00000000e0000000,0x00000000e0d1f768,0x00000000eab00000)
 Metaspace       used 39454K, capacity 41182K, committed 41472K, reserved 1085440K
  class space    used 5666K, capacity 6035K, committed 6144K, reserved 1048576K
Event: 11.004 GC heap after
Heap after GC invocations=10 (full 2):
 PSYoungGen      total 162816K, used 9254K [0x00000000f5580000, 0x0000000100000000, 0x0000000100000000)
  eden space 151040K, 0% used [0x00000000f5580000,0x00000000f5580000,0x00000000fe900000)
  from space 11776K, 78% used [0x00000000ff480000,0x00000000ffd89a38,0x0000000100000000)
  to   space 11776K, 0% used [0x00000000fe900000,0x00000000fe900000,0x00000000ff480000)
 ParOldGen       total 175104K, used 13445K [0x00000000e0000000, 0x00000000eab00000, 0x00000000f5580000)
  object space 175104K, 7% used [0x00000000e0000000,0x00000000e0d21768,0x00000000eab00000)
 Metaspace       used 39454K, capacity 41182K, committed 41472K, reserved 1085440K
  class space    used 5666K, capacity 6035K, committed 6144K, reserved 1048576K
}
Event: 15.480 GC heap before
{Heap before GC invocations=11 (full 2):
 PSYoungGen      total 162816K, used 160294K [0x00000000f5580000, 0x0000000100000000, 0x0000000100000000)
  eden space 151040K, 100% used [0x00000000f5580000,0x00000000fe900000,0x00000000fe900000)
  from space 11776K, 78% used [0x00000000ff480000,0x00000000ffd89a38,0x0000000100000000)
  to   space 11776K, 0% used [0x00000000fe900000,0x00000000fe900000,0x00000000ff480000)
 ParOldGen       total 175104K, used 13445K [0x00000000e0000000, 0x00000000eab00000, 0x00000000f5580000)
  object space 175104K, 7% used [0x00000000e0000000,0x00000000e0d21768,0x00000000eab00000)
 Metaspace       used 44453K, capacity 46536K, committed 46720K, reserved 1089536K
  class space    used 6286K, capacity 6727K, committed 6784K, reserved 1048576K
Event: 15.544 GC heap after
Heap after GC invocations=11 (full 2):
 PSYoungGen      total 162816K, used 11760K [0x00000000f5580000, 0x0000000100000000, 0x0000000100000000)
  eden space 151040K, 0% used [0x00000000f5580000,0x00000000f5580000,0x00000000fe900000)
  from space 11776K, 99% used [0x00000000fe900000,0x00000000ff47c040,0x00000000ff480000)
  to   space 11776K, 0% used [0x00000000ff480000,0x00000000ff480000,0x0000000100000000)
 ParOldGen       total 175104K, used 17244K [0x00000000e0000000, 0x00000000eab00000, 0x00000000f5580000)
  object space 175104K, 9% used [0x00000000e0000000,0x00000000e10d7110,0x00000000eab00000)
 Metaspace       used 44453K, capacity 46536K, committed 46720K, reserved 1089536K
  class space    used 6286K, capacity 6727K, committed 6784K, reserved 1048576K
}

